生成启动时间为 2017-8-4 14:19:11。
项目“C:\Documents and Settings\Administrator\桌面\patenthotspots\PatentHotspots.vcxproj”在节点 2 上(build 个目标)。
InitializeBuildStatus:
  正在创建“Debug\PatentHotspots.unsuccessfulbuild”，因为已指定“AlwaysCreate”。
ClCompile:
  D:\Program Files\Microsoft Visual Studio 10.0\VC\bin\CL.exe /c /ZI /nologo /W3 /WX- /Od /Oy- /D WIN32 /D _DEBUG /D _CONSOLE /D _MBCS /Gm /EHsc /RTC1 /MTd /GS /fp:precise /Zc:wchar_t /Zc:forScope /Yc"StdAfx.h" /Fp"Debug\PatentHotspots.pch" /Fo"Debug\\" /Fd"Debug\vc100.pdb" /Gd /TP /analyze- /errorReport:prompt stdafx.cpp
  stdafx.cpp
  D:\Program Files\Microsoft Visual Studio 10.0\VC\bin\CL.exe /c /ZI /nologo /W3 /WX- /Od /Oy- /D WIN32 /D _DEBUG /D _CONSOLE /D _MBCS /Gm /EHsc /RTC1 /MTd /GS /fp:precise /Zc:wchar_t /Zc:forScope /Yu"StdAfx.h" /Fp"Debug\PatentHotspots.pch" /Fo"Debug\\" /Fd"Debug\vc100.pdb" /Gd /TP /analyze- /errorReport:prompt ComputeHotspots.cpp DataVisualize.cpp Md5.cpp PatentHotspots.cpp TextProcessing.cpp TotemExec.cpp TrendAnalyse.cpp
  TrendAnalyse.cpp
  TotemExec.cpp
  TextProcessing.cpp
c:\documents and settings\administrator\桌面\patenthotspots\textprocessing.cpp(434): warning C4018: “<”: 有符号/无符号不匹配
  PatentHotspots.cpp
c:\documents and settings\administrator\桌面\patenthotspots\patenthotspots.cpp(147): warning C4996: 'scanf': This function or variable may be unsafe. Consider using scanf_s instead. To disable deprecation, use _CRT_SECURE_NO_WARNINGS. See online help for details.
          d:\program files\microsoft visual studio 10.0\vc\include\stdio.h(304) : 参见“scanf”的声明
  Md5.cpp
  DataVisualize.cpp
c:\documents and settings\administrator\桌面\patenthotspots\datavisualize.cpp(118): warning C4244: “=”: 从“unsigned int”转换到“float”，可能丢失数据
c:\documents and settings\administrator\桌面\patenthotspots\datavisualize.cpp(363): warning C4244: “return”: 从“double”转换到“float”，可能丢失数据
c:\documents and settings\administrator\桌面\patenthotspots\datavisualize.cpp(490): warning C4018: “<”: 有符号/无符号不匹配
  ComputeHotspots.cpp
  正在生成代码...
ManifestResourceCompile:
  C:\Program Files\Microsoft SDKs\Windows\v7.0A\bin\rc.exe /nologo /fo"Debug\PatentHotspots.exe.embed.manifest.res" Debug\PatentHotspots_manifest.rc 
Link:
  D:\Program Files\Microsoft Visual Studio 10.0\VC\bin\link.exe /ERRORREPORT:PROMPT /OUT:"C:\Documents and Settings\Administrator\桌面\patenthotspots\Debug\PatentHotspots.exe" /INCREMENTAL /NOLOGO /MANIFEST /ManifestFile:"Debug\PatentHotspots.exe.intermediate.manifest" /MANIFESTUAC:"level='asInvoker' uiAccess='false'" /DEBUG /PDB:"C:\Documents and Settings\Administrator\桌面\patenthotspots\Debug\PatentHotspots.pdb" /SUBSYSTEM:CONSOLE /TLBID:1 /DYNAMICBASE /NXCOMPAT /IMPLIB:"C:\Documents and Settings\Administrator\桌面\patenthotspots\Debug\PatentHotspots.lib" /MACHINE:X86 Debug\PatentHotspots.exe.embed.manifest.res
  Debug\ComputeHotspots.obj
  Debug\DataVisualize.obj
  Debug\Md5.obj
  Debug\PatentHotspots.obj
  Debug\stdafx.obj
  Debug\TextProcessing.obj
  Debug\TotemExec.obj
  Debug\TrendAnalyse.obj
     正在创建库 C:\Documents and Settings\Administrator\桌面\patenthotspots\Debug\PatentHotspots.lib 和对象 C:\Documents and Settings\Administrator\桌面\patenthotspots\Debug\PatentHotspots.exp
Manifest:
  正在删除文件“Debug\PatentHotspots.exe.embed.manifest”。
  C:\Program Files\Microsoft SDKs\Windows\v7.0A\bin\mt.exe /nologo /verbose /out:"Debug\PatentHotspots.exe.embed.manifest" /manifest Debug\PatentHotspots.exe.intermediate.manifest "D:\Program Files\Microsoft Visual Studio 10.0\VC\Include\Manifest\dpiaware.manifest"
  C:\Program Files\Microsoft SDKs\Windows\v7.0A\bin\rc.exe /nologo /fo"Debug\PatentHotspots.exe.embed.manifest.res" Debug\PatentHotspots_manifest.rc 
LinkEmbedManifest:
  D:\Program Files\Microsoft Visual Studio 10.0\VC\bin\link.exe /ERRORREPORT:PROMPT /OUT:"C:\Documents and Settings\Administrator\桌面\patenthotspots\Debug\PatentHotspots.exe" /INCREMENTAL /NOLOGO /MANIFEST /ManifestFile:"Debug\PatentHotspots.exe.intermediate.manifest" /MANIFESTUAC:"level='asInvoker' uiAccess='false'" /DEBUG /PDB:"C:\Documents and Settings\Administrator\桌面\patenthotspots\Debug\PatentHotspots.pdb" /SUBSYSTEM:CONSOLE /TLBID:1 /DYNAMICBASE /NXCOMPAT /IMPLIB:"C:\Documents and Settings\Administrator\桌面\patenthotspots\Debug\PatentHotspots.lib" /MACHINE:X86 Debug\PatentHotspots.exe.embed.manifest.res
  Debug\ComputeHotspots.obj
  Debug\DataVisualize.obj
  Debug\Md5.obj
  Debug\PatentHotspots.obj
  Debug\stdafx.obj
  Debug\TextProcessing.obj
  Debug\TotemExec.obj
  Debug\TrendAnalyse.obj
  PatentHotspots.vcxproj -> C:\Documents and Settings\Administrator\桌面\patenthotspots\Debug\PatentHotspots.exe
FinalizeBuildStatus:
  正在删除文件“Debug\PatentHotspots.unsuccessfulbuild”。
  正在对“Debug\PatentHotspots.lastbuildstate”执行 Touch 任务。
已完成生成项目“C:\Documents and Settings\Administrator\桌面\patenthotspots\PatentHotspots.vcxproj”(build 个目标)的操作。

生成成功。

已用时间 00:00:18.60
